2024-01-03 12:33:17 [main] INFO  c.b.s.j.h.c.TutorialControllerIntegrationTest - Starting TutorialControllerIntegrationTest using Java 17.0.6 with PID 141744 (started by daftp in C:\Users\daftp\IdeaProjects\TFSD-fin\backend\spring-boot-h2-database-crud)
2024-01-03 12:33:17 [main] DEBUG c.b.s.j.h.c.TutorialControllerIntegrationTest - Running with Spring Boot v3.1.0, Spring v6.0.9
2024-01-03 12:33:17 [main] INFO  c.b.s.j.h.c.TutorialControllerIntegrationTest - No active profile set, falling back to 1 default profile: "default"
2024-01-03 12:33:19 [main] INFO  o.s.d.r.c.RepositoryConfigurationDelegate - Bootstrapping Spring Data JPA repositories in DEFAULT mode.
2024-01-03 12:33:19 [main] INFO  o.s.d.r.c.RepositoryConfigurationDelegate - Finished Spring Data repository scanning in 119 ms. Found 1 JPA repository interfaces.
2024-01-03 12:33:20 [main] INFO  o.s.b.w.e.tomcat.TomcatWebServer - Tomcat initialized with port(s): 0 (http)
2024-01-03 12:33:20 [main] INFO  o.a.catalina.core.StandardService - Starting service [Tomcat]
2024-01-03 12:33:20 [main] INFO  o.a.catalina.core.StandardEngine - Starting Servlet engine: [Apache Tomcat/10.1.8]
2024-01-03 12:33:21 [main] INFO  o.a.c.c.C.[Tomcat].[localhost].[/] - Initializing Spring embedded WebApplicationContext
2024-01-03 12:33:21 [main] INFO  o.s.b.w.s.c.ServletWebServerApplicationContext - Root WebApplicationContext: initialization completed in 3519 ms
2024-01-03 12:33:21 [main] INFO  com.zaxxer.hikari.HikariDataSource - HikariPool-1 - Starting...
2024-01-03 12:33:21 [main] INFO  com.zaxxer.hikari.pool.HikariPool - HikariPool-1 - Added connection conn0: url=jdbc:h2:file:./testdb user=SA
2024-01-03 12:33:21 [main] INFO  com.zaxxer.hikari.HikariDataSource - HikariPool-1 - Start completed.
2024-01-03 12:33:21 [main] INFO  o.s.b.a.h.H2ConsoleAutoConfiguration - H2 console available at '/h2-ui'. Database available at 'jdbc:h2:file:./testdb'
2024-01-03 12:33:22 [main] INFO  o.h.jpa.internal.util.LogHelper - HHH000204: Processing PersistenceUnitInfo [name: default]
2024-01-03 12:33:22 [main] INFO  org.hibernate.Version - HHH000412: Hibernate ORM core version 6.2.2.Final
2024-01-03 12:33:22 [main] INFO  org.hibernate.cfg.Environment - HHH000406: Using bytecode reflection optimizer
2024-01-03 12:33:22 [main] INFO  o.h.b.i.BytecodeProviderInitiator - HHH000021: Bytecode provider name : bytebuddy
2024-01-03 12:33:22 [main] INFO  o.s.o.j.p.SpringPersistenceUnitInfo - No LoadTimeWeaver setup: ignoring JPA class transformer
2024-01-03 12:33:23 [main] INFO  org.hibernate.orm.dialect - HHH035001: Using dialect: org.hibernate.dialect.H2Dialect, version: 2.1.214
2024-01-03 12:33:23 [main] INFO  o.h.b.i.BytecodeProviderInitiator - HHH000021: Bytecode provider name : bytebuddy
2024-01-03 12:33:24 [main] INFO  o.h.e.t.j.p.i.JtaPlatformInitiator - HHH000490: Using JtaPlatform implementation: [org.hibernate.engine.transaction.jta.platform.internal.NoJtaPlatform]
2024-01-03 12:33:24 [main] INFO  o.s.o.j.LocalContainerEntityManagerFactoryBean - Initialized JPA EntityManagerFactory for persistence unit 'default'
2024-01-03 12:33:25 [main] WARN  o.s.b.a.o.j.JpaBaseConfiguration$JpaWebConfiguration - spring.jpa.open-in-view is enabled by default. Therefore, database queries may be performed during view rendering. Explicitly configure spring.jpa.open-in-view to disable this warning
2024-01-03 12:33:26 [main] INFO  o.s.b.w.e.tomcat.TomcatWebServer - Tomcat started on port(s): 53028 (http) with context path ''
2024-01-03 12:33:26 [main] INFO  c.b.s.j.h.c.TutorialControllerIntegrationTest - Started TutorialControllerIntegrationTest in 9.442 seconds (process running for 11.897)
2024-01-03 12:33:27 [http-nio-auto-1-exec-1] INFO  o.a.c.c.C.[Tomcat].[localhost].[/] - Initializing Spring DispatcherServlet 'dispatcherServlet'
2024-01-03 12:33:27 [http-nio-auto-1-exec-1] INFO  o.s.web.servlet.DispatcherServlet - Initializing Servlet 'dispatcherServlet'
2024-01-03 12:33:27 [http-nio-auto-1-exec-1] INFO  o.s.web.servlet.DispatcherServlet - Completed initialization in 1 ms
2024-01-03 12:33:27 [http-nio-auto-1-exec-1] DEBUG c.b.s.j.h.c.TutorialController - Entering getTutorialById method with ID: 9952
2024-01-03 12:33:27 [http-nio-auto-1-exec-1] INFO  c.b.s.j.h.c.TutorialController - Found tutorial with ID: 9952
2024-01-03 12:33:27 [http-nio-auto-1-exec-1] DEBUG c.b.s.j.h.c.TutorialController - Exiting getTutorialById method
2024-01-03 12:33:28 [http-nio-auto-1-exec-2] DEBUG c.b.s.j.h.c.TutorialController - Entering updateTutorial method with ID: 9952 and data: Tutorial [id=9952, title=Updated Title, desc=Updated Description, published=false]
2024-01-03 12:33:28 [http-nio-auto-1-exec-2] INFO  c.b.s.j.h.c.TutorialController - Before update: Tutorial [id=9952, title=could you help me please, desc=sdfosdfsih, published=false]
2024-01-03 12:33:28 [http-nio-auto-1-exec-2] INFO  c.b.s.j.h.c.TutorialController - Updated tutorial. Before: Tutorial [id=9952, title=Updated Title, desc=Updated Description, published=false], After: Tutorial [id=9952, title=Updated Title, desc=Updated Description, published=false]
2024-01-03 12:33:28 [http-nio-auto-1-exec-2] DEBUG c.b.s.j.h.c.TutorialController - Exiting updateTutorial method
2024-01-03 12:33:28 [http-nio-auto-1-exec-3] DEBUG c.b.s.j.h.c.TutorialController - Entering getTutorialById method with ID: 9952
2024-01-03 12:33:28 [http-nio-auto-1-exec-3] INFO  c.b.s.j.h.c.TutorialController - Found tutorial with ID: 9952
2024-01-03 12:33:28 [http-nio-auto-1-exec-3] DEBUG c.b.s.j.h.c.TutorialController - Exiting getTutorialById method
2024-01-03 12:33:28 [http-nio-auto-1-exec-4] DEBUG c.b.s.j.h.c.TutorialController - Entering createTutorial method
2024-01-03 12:33:28 [http-nio-auto-1-exec-4] DEBUG c.b.s.j.h.c.TutorialController - Tutorial data received: Tutorial [id=0, title=New Tutorial, desc=New Description, published=false]
2024-01-03 12:33:28 [http-nio-auto-1-exec-4] INFO  c.b.s.j.h.c.TutorialController - Created tutorial with ID: 11554
2024-01-03 12:33:28 [http-nio-auto-1-exec-4] DEBUG c.b.s.j.h.c.TutorialController - Exiting createTutorial method
2024-01-03 12:33:28 [http-nio-auto-1-exec-5] DEBUG c.b.s.j.h.c.TutorialController - Entering getAllTutorials method with title filter: null
2024-01-03 12:33:28 [http-nio-auto-1-exec-5] INFO  c.b.s.j.h.c.TutorialController - Found 1 tutorials with title filter: null
2024-01-03 12:33:28 [http-nio-auto-1-exec-5] DEBUG c.b.s.j.h.c.TutorialController - Exiting getAllTutorials method
2024-01-03 12:33:28 [http-nio-auto-1-exec-6] DEBUG c.b.s.j.h.c.TutorialController - Entering deleteTutorial method with ID: 11556
2024-01-03 12:33:28 [http-nio-auto-1-exec-6] INFO  c.b.s.j.h.c.TutorialController - Deleted tutorial with ID: 11556
2024-01-03 12:33:28 [http-nio-auto-1-exec-6] DEBUG c.b.s.j.h.c.TutorialController - Exiting deleteTutorial method
2024-01-03 12:33:28 [http-nio-auto-1-exec-7] DEBUG c.b.s.j.h.c.TutorialController - Entering getTutorialById method with ID: 11556
2024-01-03 12:33:28 [http-nio-auto-1-exec-7] WARN  c.b.s.j.h.c.TutorialController - No tutorial found with ID: 11556
2024-01-03 12:33:28 [http-nio-auto-1-exec-7] DEBUG c.b.s.j.h.c.TutorialController - Exiting getTutorialById method
2024-01-03 12:33:28 [http-nio-auto-1-exec-8] DEBUG c.b.s.j.h.c.TutorialController - Entering getTutorialById method with ID: 11557
2024-01-03 12:33:28 [http-nio-auto-1-exec-8] INFO  c.b.s.j.h.c.TutorialController - Found tutorial with ID: 11557
2024-01-03 12:33:28 [http-nio-auto-1-exec-8] DEBUG c.b.s.j.h.c.TutorialController - Exiting getTutorialById method
2024-01-03 12:33:28 [main] DEBUG c.b.s.j.h.c.TutorialController - Entering createTutorial method
2024-01-03 12:33:28 [main] DEBUG c.b.s.j.h.c.TutorialController - Tutorial data received: Tutorial [id=0, title=Spring, desc=Spring Description, published=false]
2024-01-03 12:33:28 [main] INFO  c.b.s.j.h.c.TutorialController - Created tutorial with ID: 0
2024-01-03 12:33:28 [main] DEBUG c.b.s.j.h.c.TutorialController - Exiting createTutorial method
2024-01-03 12:33:28 [main] DEBUG c.b.s.j.h.c.TutorialController - Entering getTutorialById method with ID: 1
2024-01-03 12:33:28 [main] WARN  c.b.s.j.h.c.TutorialController - No tutorial found with ID: 1
2024-01-03 12:33:28 [main] DEBUG c.b.s.j.h.c.TutorialController - Exiting getTutorialById method
2024-01-03 12:33:28 [main] DEBUG c.b.s.j.h.c.TutorialController - Entering getAllTutorials method with title filter: null
2024-01-03 12:33:28 [main] INFO  c.b.s.j.h.c.TutorialController - No tutorials found with title filter: null
2024-01-03 12:33:28 [main] DEBUG c.b.s.j.h.c.TutorialController - Exiting getAllTutorials method
2024-01-03 12:33:28 [main] DEBUG c.b.s.j.h.c.TutorialController - Entering updateTutorial method with ID: 1 and data: Tutorial [id=0, title=Updated Title, desc=Updated Description, published=true]
2024-01-03 12:33:28 [main] WARN  c.b.s.j.h.c.TutorialController - No tutorial found to update with ID: 1
2024-01-03 12:33:28 [main] DEBUG c.b.s.j.h.c.TutorialController - Exiting updateTutorial method
2024-01-03 12:33:28 [main] DEBUG c.b.s.j.h.c.TutorialController - Entering getTutorialById method with ID: 1
2024-01-03 12:33:28 [main] INFO  c.b.s.j.h.c.TutorialController - Found tutorial with ID: 1
2024-01-03 12:33:28 [main] DEBUG c.b.s.j.h.c.TutorialController - Exiting getTutorialById method
2024-01-03 12:33:28 [main] DEBUG c.b.s.j.h.c.TutorialController - Entering deleteTutorial method with ID: 1
2024-01-03 12:33:28 [main] INFO  c.b.s.j.h.c.TutorialController - Deleted tutorial with ID: 1
2024-01-03 12:33:28 [main] DEBUG c.b.s.j.h.c.TutorialController - Exiting deleteTutorial method
2024-01-03 12:33:29 [main] DEBUG c.b.s.j.h.c.TutorialController - Entering findByPublished method
2024-01-03 12:33:29 [main] INFO  c.b.s.j.h.c.TutorialController - Found 1 published tutorials
2024-01-03 12:33:29 [main] DEBUG c.b.s.j.h.c.TutorialController - Exiting findByPublished method
2024-01-03 12:33:29 [main] DEBUG c.b.s.j.h.c.TutorialController - Entering getAllTutorials method with title filter: Java
2024-01-03 12:33:29 [main] INFO  c.b.s.j.h.c.TutorialController - Found 1 tutorials with title filter: Java
2024-01-03 12:33:29 [main] DEBUG c.b.s.j.h.c.TutorialController - Exiting getAllTutorials method
2024-01-03 12:33:29 [main] DEBUG c.b.s.j.h.c.TutorialController - Entering deleteTutorial method with ID: 1
2024-01-03 12:33:29 [main] ERROR c.b.s.j.h.c.TutorialController - Exception in deleteTutorial method for ID '1'. Error: java.lang.RuntimeException: Tutorial not found
2024-01-03 12:33:29 [main] DEBUG c.b.s.j.h.c.TutorialController - Exiting deleteTutorial method
2024-01-03 12:33:29 [main] DEBUG c.b.s.j.h.c.TutorialController - Entering updateTutorial method with ID: 1 and data: Tutorial [id=0, title=Updated Title, desc=Updated Description, published=true]
2024-01-03 12:33:29 [main] INFO  c.b.s.j.h.c.TutorialController - Before update: Tutorial [id=0, title=Java, desc=Java Description, published=true]
2024-01-03 12:33:29 [main] INFO  c.b.s.j.h.c.TutorialController - Updated tutorial. Before: Tutorial [id=0, title=Updated Title, desc=Updated Description, published=true], After: Tutorial [id=0, title=Updated Title, desc=Updated Description, published=true]
2024-01-03 12:33:29 [main] DEBUG c.b.s.j.h.c.TutorialController - Exiting updateTutorial method
2024-01-03 12:33:29 [main] INFO  o.s.t.c.s.AnnotationConfigContextLoaderUtils - Could not detect default configuration classes for test class [com.bezkoder.spring.jpa.h2.SpringBootJpaH2ApplicationTests]: SpringBootJpaH2ApplicationTests does not declare any static, non-private, non-final, nested classes annotated with @Configuration.
2024-01-03 12:33:29 [main] INFO  o.s.b.t.c.SpringBootTestContextBootstrapper - Found @SpringBootConfiguration com.bezkoder.spring.jpa.h2.SpringBootJpaH2Application for test class com.bezkoder.spring.jpa.h2.SpringBootJpaH2ApplicationTests
2024-01-03 12:33:29 [main] INFO  c.b.s.j.h.SpringBootJpaH2ApplicationTests - Starting SpringBootJpaH2ApplicationTests using Java 17.0.6 with PID 141744 (started by daftp in C:\Users\daftp\IdeaProjects\TFSD-fin\backend\spring-boot-h2-database-crud)
2024-01-03 12:33:29 [main] DEBUG c.b.s.j.h.SpringBootJpaH2ApplicationTests - Running with Spring Boot v3.1.0, Spring v6.0.9
2024-01-03 12:33:29 [main] INFO  c.b.s.j.h.SpringBootJpaH2ApplicationTests - No active profile set, falling back to 1 default profile: "default"
2024-01-03 12:33:29 [main] INFO  o.s.d.r.c.RepositoryConfigurationDelegate - Bootstrapping Spring Data JPA repositories in DEFAULT mode.
2024-01-03 12:33:29 [main] INFO  o.s.d.r.c.RepositoryConfigurationDelegate - Finished Spring Data repository scanning in 21 ms. Found 1 JPA repository interfaces.
2024-01-03 12:33:29 [main] INFO  o.h.jpa.internal.util.LogHelper - HHH000204: Processing PersistenceUnitInfo [name: default]
2024-01-03 12:33:29 [main] INFO  o.h.b.i.BytecodeProviderInitiator - HHH000021: Bytecode provider name : bytebuddy
2024-01-03 12:33:29 [main] INFO  o.s.o.j.p.SpringPersistenceUnitInfo - No LoadTimeWeaver setup: ignoring JPA class transformer
2024-01-03 12:33:29 [main] INFO  com.zaxxer.hikari.HikariDataSource - HikariPool-2 - Starting...
2024-01-03 12:33:29 [main] INFO  com.zaxxer.hikari.pool.HikariPool - HikariPool-2 - Added connection conn10: url=jdbc:h2:file:./testdb user=SA
2024-01-03 12:33:29 [main] INFO  com.zaxxer.hikari.HikariDataSource - HikariPool-2 - Start completed.
2024-01-03 12:33:29 [main] INFO  org.hibernate.orm.dialect - HHH035001: Using dialect: org.hibernate.dialect.H2Dialect, version: 2.1.214
2024-01-03 12:33:29 [main] INFO  o.h.b.i.BytecodeProviderInitiator - HHH000021: Bytecode provider name : bytebuddy
2024-01-03 12:33:29 [main] INFO  o.h.e.t.j.p.i.JtaPlatformInitiator - HHH000490: Using JtaPlatform implementation: [org.hibernate.engine.transaction.jta.platform.internal.NoJtaPlatform]
2024-01-03 12:33:29 [main] INFO  o.s.o.j.LocalContainerEntityManagerFactoryBean - Initialized JPA EntityManagerFactory for persistence unit 'default'
2024-01-03 12:33:30 [main] WARN  o.s.b.a.o.j.JpaBaseConfiguration$JpaWebConfiguration - spring.jpa.open-in-view is enabled by default. Therefore, database queries may be performed during view rendering. Explicitly configure spring.jpa.open-in-view to disable this warning
2024-01-03 12:33:30 [main] INFO  o.s.b.a.h.H2ConsoleAutoConfiguration - H2 console available at '/h2-ui'. Database available at 'jdbc:h2:file:./testdb'
2024-01-03 12:33:30 [main] INFO  c.b.s.j.h.SpringBootJpaH2ApplicationTests - Started SpringBootJpaH2ApplicationTests in 1.261 seconds (process running for 15.928)
2024-01-03 12:33:30 [SpringApplicationShutdownHook] INFO  o.s.o.j.LocalContainerEntityManagerFactoryBean - Closing JPA EntityManagerFactory for persistence unit 'default'
2024-01-03 12:33:30 [SpringApplicationShutdownHook] INFO  com.zaxxer.hikari.HikariDataSource - HikariPool-1 - Shutdown initiated...
2024-01-03 12:33:30 [SpringApplicationShutdownHook] INFO  com.zaxxer.hikari.HikariDataSource - HikariPool-1 - Shutdown completed.
2024-01-03 12:33:30 [SpringApplicationShutdownHook] INFO  o.s.o.j.LocalContainerEntityManagerFactoryBean - Closing JPA EntityManagerFactory for persistence unit 'default'
2024-01-03 12:33:30 [SpringApplicationShutdownHook] INFO  com.zaxxer.hikari.HikariDataSource - HikariPool-2 - Shutdown initiated...
2024-01-03 12:33:30 [SpringApplicationShutdownHook] INFO  com.zaxxer.hikari.HikariDataSource - HikariPool-2 - Shutdown completed.
2024-01-03 12:33:36 [main] INFO  c.b.s.j.h.SpringBootJpaH2Application - Starting SpringBootJpaH2Application using Java 17.0.6 with PID 45904 (C:\Users\daftp\IdeaProjects\TFSD-fin\backend\spring-boot-h2-database-crud\target\classes started by daftp in C:\Users\daftp\IdeaProjects\TFSD-fin\backend\spring-boot-h2-database-crud)
2024-01-03 12:33:36 [main] DEBUG c.b.s.j.h.SpringBootJpaH2Application - Running with Spring Boot v3.1.0, Spring v6.0.9
2024-01-03 12:33:36 [main] INFO  c.b.s.j.h.SpringBootJpaH2Application - No active profile set, falling back to 1 default profile: "default"
2024-01-03 12:33:37 [main] INFO  o.s.d.r.c.RepositoryConfigurationDelegate - Bootstrapping Spring Data JPA repositories in DEFAULT mode.
2024-01-03 12:33:37 [main] INFO  o.s.d.r.c.RepositoryConfigurationDelegate - Finished Spring Data repository scanning in 54 ms. Found 1 JPA repository interfaces.
2024-01-03 12:33:37 [main] INFO  o.s.b.w.e.tomcat.TomcatWebServer - Tomcat initialized with port(s): 8080 (http)
2024-01-03 12:33:37 [main] INFO  o.a.catalina.core.StandardService - Starting service [Tomcat]
2024-01-03 12:33:37 [main] INFO  o.a.catalina.core.StandardEngine - Starting Servlet engine: [Apache Tomcat/10.1.8]
2024-01-03 12:33:38 [main] INFO  o.a.c.c.C.[Tomcat].[localhost].[/] - Initializing Spring embedded WebApplicationContext
2024-01-03 12:33:38 [main] INFO  o.s.b.w.s.c.ServletWebServerApplicationContext - Root WebApplicationContext: initialization completed in 1499 ms
2024-01-03 12:33:38 [main] INFO  com.zaxxer.hikari.HikariDataSource - HikariPool-1 - Starting...
2024-01-03 12:33:38 [main] INFO  com.zaxxer.hikari.pool.HikariPool - HikariPool-1 - Added connection conn0: url=jdbc:h2:file:./testdb user=SA
2024-01-03 12:33:38 [main] INFO  com.zaxxer.hikari.HikariDataSource - HikariPool-1 - Start completed.
2024-01-03 12:33:38 [main] INFO  o.s.b.a.h.H2ConsoleAutoConfiguration - H2 console available at '/h2-ui'. Database available at 'jdbc:h2:file:./testdb'
2024-01-03 12:33:38 [main] INFO  o.h.jpa.internal.util.LogHelper - HHH000204: Processing PersistenceUnitInfo [name: default]
2024-01-03 12:33:38 [main] INFO  org.hibernate.Version - HHH000412: Hibernate ORM core version 6.2.2.Final
2024-01-03 12:33:38 [main] INFO  org.hibernate.cfg.Environment - HHH000406: Using bytecode reflection optimizer
2024-01-03 12:33:38 [main] INFO  o.h.b.i.BytecodeProviderInitiator - HHH000021: Bytecode provider name : bytebuddy
2024-01-03 12:33:38 [main] INFO  o.s.o.j.p.SpringPersistenceUnitInfo - No LoadTimeWeaver setup: ignoring JPA class transformer
2024-01-03 12:33:38 [main] INFO  org.hibernate.orm.dialect - HHH035001: Using dialect: org.hibernate.dialect.H2Dialect, version: 2.1.214
2024-01-03 12:33:39 [main] INFO  o.h.b.i.BytecodeProviderInitiator - HHH000021: Bytecode provider name : bytebuddy
2024-01-03 12:33:39 [main] INFO  o.h.e.t.j.p.i.JtaPlatformInitiator - HHH000490: Using JtaPlatform implementation: [org.hibernate.engine.transaction.jta.platform.internal.NoJtaPlatform]
2024-01-03 12:33:39 [main] INFO  o.s.o.j.LocalContainerEntityManagerFactoryBean - Initialized JPA EntityManagerFactory for persistence unit 'default'
2024-01-03 12:33:39 [main] WARN  o.s.b.a.o.j.JpaBaseConfiguration$JpaWebConfiguration - spring.jpa.open-in-view is enabled by default. Therefore, database queries may be performed during view rendering. Explicitly configure spring.jpa.open-in-view to disable this warning
2024-01-03 12:33:40 [main] INFO  o.s.b.w.e.tomcat.TomcatWebServer - Tomcat started on port(s): 8080 (http) with context path ''
2024-01-03 12:33:40 [main] INFO  c.b.s.j.h.SpringBootJpaH2Application - Started SpringBootJpaH2Application in 4.469 seconds (process running for 5.099)
2024-01-03 12:39:07 [http-nio-8080-exec-1] INFO  o.a.c.c.C.[Tomcat].[localhost].[/] - Initializing Spring DispatcherServlet 'dispatcherServlet'
2024-01-03 12:39:07 [http-nio-8080-exec-1] INFO  o.s.web.servlet.DispatcherServlet - Initializing Servlet 'dispatcherServlet'
2024-01-03 12:39:08 [http-nio-8080-exec-1] INFO  o.s.web.servlet.DispatcherServlet - Completed initialization in 216 ms
2024-01-03 12:39:08 [http-nio-8080-exec-1] DEBUG c.b.s.j.h.c.TutorialController - Entering getAllTutorials method with title filter: null
2024-01-03 12:39:08 [http-nio-8080-exec-1] INFO  c.b.s.j.h.c.TutorialController - No tutorials found with title filter: null
2024-01-03 12:39:08 [http-nio-8080-exec-1] DEBUG c.b.s.j.h.c.TutorialController - Exiting getAllTutorials method
2024-01-03 12:39:09 [http-nio-8080-exec-1] DEBUG c.b.s.j.h.c.TutorialController - Entering deleteAllTutorials method
2024-01-03 12:39:09 [http-nio-8080-exec-1] INFO  c.b.s.j.h.c.TutorialController - Deleted all tutorials
2024-01-03 12:39:09 [http-nio-8080-exec-1] DEBUG c.b.s.j.h.c.TutorialController - Exiting deleteAllTutorials method
2024-01-03 12:39:09 [http-nio-8080-exec-4] DEBUG c.b.s.j.h.c.TutorialController - Entering getAllTutorials method with title filter: null
2024-01-03 12:39:09 [http-nio-8080-exec-4] INFO  c.b.s.j.h.c.TutorialController - No tutorials found with title filter: null
2024-01-03 12:39:09 [http-nio-8080-exec-4] DEBUG c.b.s.j.h.c.TutorialController - Exiting getAllTutorials method
2024-01-03 12:39:13 [http-nio-8080-exec-3] DEBUG c.b.s.j.h.c.TutorialController - Entering deleteAllTutorials method
2024-01-03 12:39:13 [http-nio-8080-exec-3] INFO  c.b.s.j.h.c.TutorialController - Deleted all tutorials
2024-01-03 12:39:13 [http-nio-8080-exec-3] DEBUG c.b.s.j.h.c.TutorialController - Exiting deleteAllTutorials method
2024-01-03 12:39:13 [http-nio-8080-exec-8] DEBUG c.b.s.j.h.c.TutorialController - Entering getAllTutorials method with title filter: null
2024-01-03 12:39:13 [http-nio-8080-exec-8] INFO  c.b.s.j.h.c.TutorialController - No tutorials found with title filter: null
2024-01-03 12:39:13 [http-nio-8080-exec-8] DEBUG c.b.s.j.h.c.TutorialController - Exiting getAllTutorials method
2024-01-03 12:39:23 [http-nio-8080-exec-2] DEBUG c.b.s.j.h.c.TutorialController - Entering createTutorial method
2024-01-03 12:39:23 [http-nio-8080-exec-2] DEBUG c.b.s.j.h.c.TutorialController - Tutorial data received: Tutorial [id=0, title=hello this is a test, desc=welcome it , published=false]
2024-01-03 12:39:23 [http-nio-8080-exec-2] INFO  c.b.s.j.h.c.TutorialController - Created tutorial with ID: 11602
2024-01-03 12:39:23 [http-nio-8080-exec-2] DEBUG c.b.s.j.h.c.TutorialController - Exiting createTutorial method
2024-01-03 12:39:34 [http-nio-8080-exec-1] DEBUG c.b.s.j.h.c.TutorialController - Entering createTutorial method
2024-01-03 12:39:34 [http-nio-8080-exec-1] DEBUG c.b.s.j.h.c.TutorialController - Tutorial data received: Tutorial [id=0, title=another tesz, desc=second, published=false]
2024-01-03 12:39:34 [http-nio-8080-exec-1] INFO  c.b.s.j.h.c.TutorialController - Created tutorial with ID: 11603
2024-01-03 12:39:34 [http-nio-8080-exec-1] DEBUG c.b.s.j.h.c.TutorialController - Exiting createTutorial method
2024-01-03 12:39:35 [http-nio-8080-exec-4] DEBUG c.b.s.j.h.c.TutorialController - Entering getAllTutorials method with title filter: null
2024-01-03 12:39:36 [http-nio-8080-exec-4] INFO  c.b.s.j.h.c.TutorialController - Found 2 tutorials with title filter: null
2024-01-03 12:39:36 [http-nio-8080-exec-4] DEBUG c.b.s.j.h.c.TutorialController - Exiting getAllTutorials method
2024-01-03 12:39:39 [http-nio-8080-exec-7] DEBUG c.b.s.j.h.c.TutorialController - Entering getAllTutorials method with title filter: test
2024-01-03 12:39:39 [http-nio-8080-exec-7] INFO  c.b.s.j.h.c.TutorialController - Found 1 tutorials with title filter: test
2024-01-03 12:39:39 [http-nio-8080-exec-7] DEBUG c.b.s.j.h.c.TutorialController - Exiting getAllTutorials method
2024-01-03 12:39:41 [http-nio-8080-exec-6] DEBUG c.b.s.j.h.c.TutorialController - Entering getAllTutorials method with title filter: tes
2024-01-03 12:39:41 [http-nio-8080-exec-6] INFO  c.b.s.j.h.c.TutorialController - Found 2 tutorials with title filter: tes
2024-01-03 12:39:41 [http-nio-8080-exec-6] DEBUG c.b.s.j.h.c.TutorialController - Exiting getAllTutorials method
2024-01-03 12:39:45 [http-nio-8080-exec-8] DEBUG c.b.s.j.h.c.TutorialController - Entering getTutorialById method with ID: 11603
2024-01-03 12:39:45 [http-nio-8080-exec-8] INFO  c.b.s.j.h.c.TutorialController - Found tutorial with ID: 11603
2024-01-03 12:39:45 [http-nio-8080-exec-8] DEBUG c.b.s.j.h.c.TutorialController - Exiting getTutorialById method
2024-01-03 12:39:47 [http-nio-8080-exec-10] DEBUG c.b.s.j.h.c.TutorialController - Entering updateTutorial method with ID: 11603 and data: Tutorial [id=11603, title=another tesz, desc=second, published=false]
2024-01-03 12:39:47 [http-nio-8080-exec-10] INFO  c.b.s.j.h.c.TutorialController - Before update: Tutorial [id=11603, title=another tesz, desc=second, published=false]
2024-01-03 12:39:47 [http-nio-8080-exec-10] INFO  c.b.s.j.h.c.TutorialController - Updated tutorial. Before: Tutorial [id=11603, title=another tesz, desc=second, published=false], After: Tutorial [id=11603, title=another tesz, desc=second, published=false]
2024-01-03 12:39:47 [http-nio-8080-exec-10] DEBUG c.b.s.j.h.c.TutorialController - Exiting updateTutorial method
2024-01-03 12:39:49 [http-nio-8080-exec-5] DEBUG c.b.s.j.h.c.TutorialController - Entering deleteTutorial method with ID: 11603
2024-01-03 12:39:49 [http-nio-8080-exec-5] INFO  c.b.s.j.h.c.TutorialController - Deleted tutorial with ID: 11603
2024-01-03 12:39:49 [http-nio-8080-exec-5] DEBUG c.b.s.j.h.c.TutorialController - Exiting deleteTutorial method
2024-01-03 12:39:49 [http-nio-8080-exec-1] DEBUG c.b.s.j.h.c.TutorialController - Entering getAllTutorials method with title filter: null
2024-01-03 12:39:49 [http-nio-8080-exec-1] INFO  c.b.s.j.h.c.TutorialController - Found 1 tutorials with title filter: null
2024-01-03 12:39:49 [http-nio-8080-exec-1] DEBUG c.b.s.j.h.c.TutorialController - Exiting getAllTutorials method
2024-01-03 12:39:52 [http-nio-8080-exec-7] DEBUG c.b.s.j.h.c.TutorialController - Entering deleteAllTutorials method
2024-01-03 12:39:52 [http-nio-8080-exec-7] INFO  c.b.s.j.h.c.TutorialController - Deleted all tutorials
2024-01-03 12:39:52 [http-nio-8080-exec-7] DEBUG c.b.s.j.h.c.TutorialController - Exiting deleteAllTutorials method
2024-01-03 12:39:52 [http-nio-8080-exec-6] DEBUG c.b.s.j.h.c.TutorialController - Entering getAllTutorials method with title filter: null
2024-01-03 12:39:52 [http-nio-8080-exec-6] INFO  c.b.s.j.h.c.TutorialController - No tutorials found with title filter: null
2024-01-03 12:39:52 [http-nio-8080-exec-6] DEBUG c.b.s.j.h.c.TutorialController - Exiting getAllTutorials method
2024-01-03 12:43:29 [main] INFO  c.b.s.j.h.c.TutorialControllerIntegrationTest - Starting TutorialControllerIntegrationTest using Java 17.0.6 with PID 144864 (started by daftp in C:\Users\daftp\IdeaProjects\TFSD-fin\backend\spring-boot-h2-database-crud)
2024-01-03 12:43:29 [main] DEBUG c.b.s.j.h.c.TutorialControllerIntegrationTest - Running with Spring Boot v3.1.0, Spring v6.0.9
2024-01-03 12:43:29 [main] INFO  c.b.s.j.h.c.TutorialControllerIntegrationTest - No active profile set, falling back to 1 default profile: "default"
2024-01-03 12:43:31 [main] INFO  o.s.d.r.c.RepositoryConfigurationDelegate - Bootstrapping Spring Data JPA repositories in DEFAULT mode.
2024-01-03 12:43:31 [main] INFO  o.s.d.r.c.RepositoryConfigurationDelegate - Finished Spring Data repository scanning in 168 ms. Found 1 JPA repository interfaces.
2024-01-03 12:43:33 [main] INFO  o.s.b.w.e.tomcat.TomcatWebServer - Tomcat initialized with port(s): 0 (http)
2024-01-03 12:43:33 [main] INFO  o.a.catalina.core.StandardService - Starting service [Tomcat]
2024-01-03 12:43:33 [main] INFO  o.a.catalina.core.StandardEngine - Starting Servlet engine: [Apache Tomcat/10.1.8]
2024-01-03 12:43:33 [main] INFO  o.a.c.c.C.[Tomcat].[localhost].[/] - Initializing Spring embedded WebApplicationContext
2024-01-03 12:43:33 [main] INFO  o.s.b.w.s.c.ServletWebServerApplicationContext - Root WebApplicationContext: initialization completed in 4366 ms
2024-01-03 12:43:33 [main] INFO  com.zaxxer.hikari.HikariDataSource - HikariPool-1 - Starting...
2024-01-03 12:43:34 [main] INFO  com.zaxxer.hikari.pool.HikariPool - HikariPool-1 - Added connection conn0: url=jdbc:h2:file:./testdb user=SA
2024-01-03 12:43:34 [main] INFO  com.zaxxer.hikari.HikariDataSource - HikariPool-1 - Start completed.
2024-01-03 12:43:34 [main] INFO  o.s.b.a.h.H2ConsoleAutoConfiguration - H2 console available at '/h2-ui'. Database available at 'jdbc:h2:file:./testdb'
2024-01-03 12:43:34 [main] INFO  o.h.jpa.internal.util.LogHelper - HHH000204: Processing PersistenceUnitInfo [name: default]
2024-01-03 12:43:35 [main] INFO  org.hibernate.Version - HHH000412: Hibernate ORM core version 6.2.2.Final
2024-01-03 12:43:35 [main] INFO  org.hibernate.cfg.Environment - HHH000406: Using bytecode reflection optimizer
2024-01-03 12:43:35 [main] INFO  o.h.b.i.BytecodeProviderInitiator - HHH000021: Bytecode provider name : bytebuddy
2024-01-03 12:43:36 [main] INFO  o.s.o.j.p.SpringPersistenceUnitInfo - No LoadTimeWeaver setup: ignoring JPA class transformer
2024-01-03 12:43:36 [main] INFO  org.hibernate.orm.dialect - HHH035001: Using dialect: org.hibernate.dialect.H2Dialect, version: 2.1.214
2024-01-03 12:43:36 [main] INFO  o.h.b.i.BytecodeProviderInitiator - HHH000021: Bytecode provider name : bytebuddy
2024-01-03 12:43:38 [main] INFO  o.h.e.t.j.p.i.JtaPlatformInitiator - HHH000490: Using JtaPlatform implementation: [org.hibernate.engine.transaction.jta.platform.internal.NoJtaPlatform]
2024-01-03 12:43:38 [main] INFO  o.s.o.j.LocalContainerEntityManagerFactoryBean - Initialized JPA EntityManagerFactory for persistence unit 'default'
2024-01-03 12:43:39 [main] WARN  o.s.b.a.o.j.JpaBaseConfiguration$JpaWebConfiguration - spring.jpa.open-in-view is enabled by default. Therefore, database queries may be performed during view rendering. Explicitly configure spring.jpa.open-in-view to disable this warning
2024-01-03 12:43:40 [main] INFO  o.s.b.w.e.tomcat.TomcatWebServer - Tomcat started on port(s): 60261 (http) with context path ''
2024-01-03 12:43:40 [main] INFO  c.b.s.j.h.c.TutorialControllerIntegrationTest - Started TutorialControllerIntegrationTest in 11.81 seconds (process running for 14.434)
2024-01-03 12:43:42 [http-nio-auto-1-exec-1] INFO  o.a.c.c.C.[Tomcat].[localhost].[/] - Initializing Spring DispatcherServlet 'dispatcherServlet'
2024-01-03 12:43:42 [http-nio-auto-1-exec-1] INFO  o.s.web.servlet.DispatcherServlet - Initializing Servlet 'dispatcherServlet'
2024-01-03 12:43:42 [http-nio-auto-1-exec-1] INFO  o.s.web.servlet.DispatcherServlet - Completed initialization in 1 ms
2024-01-03 12:43:42 [http-nio-auto-1-exec-1] DEBUG c.b.s.j.h.c.TutorialController - Entering getTutorialById method with ID: 13202
2024-01-03 12:43:42 [http-nio-auto-1-exec-1] INFO  c.b.s.j.h.c.TutorialController - Found tutorial with ID: 13202
2024-01-03 12:43:42 [http-nio-auto-1-exec-1] DEBUG c.b.s.j.h.c.TutorialController - Exiting getTutorialById method
2024-01-03 12:43:42 [http-nio-auto-1-exec-2] DEBUG c.b.s.j.h.c.TutorialController - Entering updateTutorial method with ID: 13202 and data: Tutorial [id=13202, title=Updated Title, desc=Updated Description, published=false]
2024-01-03 12:43:42 [http-nio-auto-1-exec-2] INFO  c.b.s.j.h.c.TutorialController - Before update: Tutorial [id=13202, title=Test, desc=Test Description, published=false]
2024-01-03 12:43:42 [http-nio-auto-1-exec-2] INFO  c.b.s.j.h.c.TutorialController - Updated tutorial. Before: Tutorial [id=13202, title=Updated Title, desc=Updated Description, published=false], After: Tutorial [id=13202, title=Updated Title, desc=Updated Description, published=false]
2024-01-03 12:43:42 [http-nio-auto-1-exec-2] DEBUG c.b.s.j.h.c.TutorialController - Exiting updateTutorial method
2024-01-03 12:43:42 [http-nio-auto-1-exec-3] DEBUG c.b.s.j.h.c.TutorialController - Entering getTutorialById method with ID: 13202
2024-01-03 12:43:42 [http-nio-auto-1-exec-3] INFO  c.b.s.j.h.c.TutorialController - Found tutorial with ID: 13202
2024-01-03 12:43:42 [http-nio-auto-1-exec-3] DEBUG c.b.s.j.h.c.TutorialController - Exiting getTutorialById method
2024-01-03 12:43:42 [http-nio-auto-1-exec-4] DEBUG c.b.s.j.h.c.TutorialController - Entering createTutorial method
2024-01-03 12:43:42 [http-nio-auto-1-exec-4] DEBUG c.b.s.j.h.c.TutorialController - Tutorial data received: Tutorial [id=0, title=New Tutorial, desc=New Description, published=false]
2024-01-03 12:43:42 [http-nio-auto-1-exec-4] INFO  c.b.s.j.h.c.TutorialController - Created tutorial with ID: 13204
2024-01-03 12:43:42 [http-nio-auto-1-exec-4] DEBUG c.b.s.j.h.c.TutorialController - Exiting createTutorial method
2024-01-03 12:43:42 [http-nio-auto-1-exec-5] DEBUG c.b.s.j.h.c.TutorialController - Entering getAllTutorials method with title filter: null
2024-01-03 12:43:42 [http-nio-auto-1-exec-5] INFO  c.b.s.j.h.c.TutorialController - Found 1 tutorials with title filter: null
2024-01-03 12:43:42 [http-nio-auto-1-exec-5] DEBUG c.b.s.j.h.c.TutorialController - Exiting getAllTutorials method
2024-01-03 12:43:42 [http-nio-auto-1-exec-6] DEBUG c.b.s.j.h.c.TutorialController - Entering deleteTutorial method with ID: 13206
2024-01-03 12:43:42 [http-nio-auto-1-exec-6] INFO  c.b.s.j.h.c.TutorialController - Deleted tutorial with ID: 13206
2024-01-03 12:43:42 [http-nio-auto-1-exec-6] DEBUG c.b.s.j.h.c.TutorialController - Exiting deleteTutorial method
2024-01-03 12:43:42 [http-nio-auto-1-exec-7] DEBUG c.b.s.j.h.c.TutorialController - Entering getTutorialById method with ID: 13206
2024-01-03 12:43:42 [http-nio-auto-1-exec-7] WARN  c.b.s.j.h.c.TutorialController - No tutorial found with ID: 13206
2024-01-03 12:43:42 [http-nio-auto-1-exec-7] DEBUG c.b.s.j.h.c.TutorialController - Exiting getTutorialById method
2024-01-03 12:43:42 [http-nio-auto-1-exec-8] DEBUG c.b.s.j.h.c.TutorialController - Entering getTutorialById method with ID: 13207
2024-01-03 12:43:42 [http-nio-auto-1-exec-8] INFO  c.b.s.j.h.c.TutorialController - Found tutorial with ID: 13207
2024-01-03 12:43:42 [http-nio-auto-1-exec-8] DEBUG c.b.s.j.h.c.TutorialController - Exiting getTutorialById method
2024-01-03 12:43:43 [main] DEBUG c.b.s.j.h.c.TutorialController - Entering createTutorial method
2024-01-03 12:43:43 [main] DEBUG c.b.s.j.h.c.TutorialController - Tutorial data received: Tutorial [id=0, title=Spring, desc=Spring Description, published=false]
2024-01-03 12:43:43 [main] INFO  c.b.s.j.h.c.TutorialController - Created tutorial with ID: 0
2024-01-03 12:43:43 [main] DEBUG c.b.s.j.h.c.TutorialController - Exiting createTutorial method
2024-01-03 12:43:43 [main] DEBUG c.b.s.j.h.c.TutorialController - Entering getTutorialById method with ID: 1
2024-01-03 12:43:43 [main] WARN  c.b.s.j.h.c.TutorialController - No tutorial found with ID: 1
2024-01-03 12:43:43 [main] DEBUG c.b.s.j.h.c.TutorialController - Exiting getTutorialById method
2024-01-03 12:43:43 [main] DEBUG c.b.s.j.h.c.TutorialController - Entering getAllTutorials method with title filter: null
2024-01-03 12:43:43 [main] INFO  c.b.s.j.h.c.TutorialController - No tutorials found with title filter: null
2024-01-03 12:43:43 [main] DEBUG c.b.s.j.h.c.TutorialController - Exiting getAllTutorials method
2024-01-03 12:43:43 [main] DEBUG c.b.s.j.h.c.TutorialController - Entering updateTutorial method with ID: 1 and data: Tutorial [id=0, title=Updated Title, desc=Updated Description, published=true]
2024-01-03 12:43:43 [main] WARN  c.b.s.j.h.c.TutorialController - No tutorial found to update with ID: 1
2024-01-03 12:43:43 [main] DEBUG c.b.s.j.h.c.TutorialController - Exiting updateTutorial method
2024-01-03 12:43:43 [main] DEBUG c.b.s.j.h.c.TutorialController - Entering getTutorialById method with ID: 1
2024-01-03 12:43:43 [main] INFO  c.b.s.j.h.c.TutorialController - Found tutorial with ID: 1
2024-01-03 12:43:43 [main] DEBUG c.b.s.j.h.c.TutorialController - Exiting getTutorialById method
2024-01-03 12:43:43 [main] DEBUG c.b.s.j.h.c.TutorialController - Entering deleteTutorial method with ID: 1
2024-01-03 12:43:43 [main] INFO  c.b.s.j.h.c.TutorialController - Deleted tutorial with ID: 1
2024-01-03 12:43:43 [main] DEBUG c.b.s.j.h.c.TutorialController - Exiting deleteTutorial method
2024-01-03 12:43:43 [main] DEBUG c.b.s.j.h.c.TutorialController - Entering findByPublished method
2024-01-03 12:43:43 [main] INFO  c.b.s.j.h.c.TutorialController - Found 1 published tutorials
2024-01-03 12:43:43 [main] DEBUG c.b.s.j.h.c.TutorialController - Exiting findByPublished method
2024-01-03 12:43:43 [main] DEBUG c.b.s.j.h.c.TutorialController - Entering getAllTutorials method with title filter: Java
2024-01-03 12:43:43 [main] INFO  c.b.s.j.h.c.TutorialController - Found 1 tutorials with title filter: Java
2024-01-03 12:43:43 [main] DEBUG c.b.s.j.h.c.TutorialController - Exiting getAllTutorials method
2024-01-03 12:43:43 [main] DEBUG c.b.s.j.h.c.TutorialController - Entering deleteTutorial method with ID: 1
2024-01-03 12:43:43 [main] ERROR c.b.s.j.h.c.TutorialController - Exception in deleteTutorial method for ID '1'. Error: java.lang.RuntimeException: Tutorial not found
2024-01-03 12:43:43 [main] DEBUG c.b.s.j.h.c.TutorialController - Exiting deleteTutorial method
2024-01-03 12:43:43 [main] DEBUG c.b.s.j.h.c.TutorialController - Entering updateTutorial method with ID: 1 and data: Tutorial [id=0, title=Updated Title, desc=Updated Description, published=true]
2024-01-03 12:43:43 [main] INFO  c.b.s.j.h.c.TutorialController - Before update: Tutorial [id=0, title=Java, desc=Java Description, published=true]
2024-01-03 12:43:43 [main] INFO  c.b.s.j.h.c.TutorialController - Updated tutorial. Before: Tutorial [id=0, title=Updated Title, desc=Updated Description, published=true], After: Tutorial [id=0, title=Updated Title, desc=Updated Description, published=true]
2024-01-03 12:43:43 [main] DEBUG c.b.s.j.h.c.TutorialController - Exiting updateTutorial method
2024-01-03 12:43:43 [main] INFO  o.s.t.c.s.AnnotationConfigContextLoaderUtils - Could not detect default configuration classes for test class [com.bezkoder.spring.jpa.h2.SpringBootJpaH2ApplicationTests]: SpringBootJpaH2ApplicationTests does not declare any static, non-private, non-final, nested classes annotated with @Configuration.
2024-01-03 12:43:43 [main] INFO  o.s.b.t.c.SpringBootTestContextBootstrapper - Found @SpringBootConfiguration com.bezkoder.spring.jpa.h2.SpringBootJpaH2Application for test class com.bezkoder.spring.jpa.h2.SpringBootJpaH2ApplicationTests
2024-01-03 12:43:43 [main] INFO  c.b.s.j.h.SpringBootJpaH2ApplicationTests - Starting SpringBootJpaH2ApplicationTests using Java 17.0.6 with PID 144864 (started by daftp in C:\Users\daftp\IdeaProjects\TFSD-fin\backend\spring-boot-h2-database-crud)
2024-01-03 12:43:43 [main] DEBUG c.b.s.j.h.SpringBootJpaH2ApplicationTests - Running with Spring Boot v3.1.0, Spring v6.0.9
2024-01-03 12:43:43 [main] INFO  c.b.s.j.h.SpringBootJpaH2ApplicationTests - No active profile set, falling back to 1 default profile: "default"
2024-01-03 12:43:43 [main] INFO  o.s.d.r.c.RepositoryConfigurationDelegate - Bootstrapping Spring Data JPA repositories in DEFAULT mode.
2024-01-03 12:43:43 [main] INFO  o.s.d.r.c.RepositoryConfigurationDelegate - Finished Spring Data repository scanning in 21 ms. Found 1 JPA repository interfaces.
2024-01-03 12:43:44 [main] INFO  o.h.jpa.internal.util.LogHelper - HHH000204: Processing PersistenceUnitInfo [name: default]
2024-01-03 12:43:44 [main] INFO  o.h.b.i.BytecodeProviderInitiator - HHH000021: Bytecode provider name : bytebuddy
2024-01-03 12:43:44 [main] INFO  o.s.o.j.p.SpringPersistenceUnitInfo - No LoadTimeWeaver setup: ignoring JPA class transformer
2024-01-03 12:43:44 [main] INFO  com.zaxxer.hikari.HikariDataSource - HikariPool-2 - Starting...
2024-01-03 12:43:44 [main] INFO  com.zaxxer.hikari.pool.HikariPool - HikariPool-2 - Added connection conn10: url=jdbc:h2:file:./testdb user=SA
2024-01-03 12:43:44 [main] INFO  com.zaxxer.hikari.HikariDataSource - HikariPool-2 - Start completed.
2024-01-03 12:43:44 [main] INFO  org.hibernate.orm.dialect - HHH035001: Using dialect: org.hibernate.dialect.H2Dialect, version: 2.1.214
2024-01-03 12:43:44 [main] INFO  o.h.b.i.BytecodeProviderInitiator - HHH000021: Bytecode provider name : bytebuddy
2024-01-03 12:43:44 [main] INFO  o.h.e.t.j.p.i.JtaPlatformInitiator - HHH000490: Using JtaPlatform implementation: [org.hibernate.engine.transaction.jta.platform.internal.NoJtaPlatform]
2024-01-03 12:43:44 [main] INFO  o.s.o.j.LocalContainerEntityManagerFactoryBean - Initialized JPA EntityManagerFactory for persistence unit 'default'
2024-01-03 12:43:44 [main] WARN  o.s.b.a.o.j.JpaBaseConfiguration$JpaWebConfiguration - spring.jpa.open-in-view is enabled by default. Therefore, database queries may be performed during view rendering. Explicitly configure spring.jpa.open-in-view to disable this warning
2024-01-03 12:43:44 [main] INFO  o.s.b.a.h.H2ConsoleAutoConfiguration - H2 console available at '/h2-ui'. Database available at 'jdbc:h2:file:./testdb'
2024-01-03 12:43:44 [main] INFO  c.b.s.j.h.SpringBootJpaH2ApplicationTests - Started SpringBootJpaH2ApplicationTests in 1.421 seconds (process running for 18.913)
2024-01-03 12:43:44 [SpringApplicationShutdownHook] INFO  o.s.o.j.LocalContainerEntityManagerFactoryBean - Closing JPA EntityManagerFactory for persistence unit 'default'
2024-01-03 12:43:44 [SpringApplicationShutdownHook] INFO  com.zaxxer.hikari.HikariDataSource - HikariPool-1 - Shutdown initiated...
2024-01-03 12:43:44 [SpringApplicationShutdownHook] INFO  com.zaxxer.hikari.HikariDataSource - HikariPool-1 - Shutdown completed.
2024-01-03 12:43:44 [SpringApplicationShutdownHook] INFO  o.s.o.j.LocalContainerEntityManagerFactoryBean - Closing JPA EntityManagerFactory for persistence unit 'default'
2024-01-03 12:43:44 [SpringApplicationShutdownHook] INFO  com.zaxxer.hikari.HikariDataSource - HikariPool-2 - Shutdown initiated...
2024-01-03 12:43:44 [SpringApplicationShutdownHook] INFO  com.zaxxer.hikari.HikariDataSource - HikariPool-2 - Shutdown completed.
2024-01-03 12:43:52 [main] INFO  c.b.s.j.h.SpringBootJpaH2Application - Starting SpringBootJpaH2Application using Java 17.0.6 with PID 89916 (C:\Users\daftp\IdeaProjects\TFSD-fin\backend\spring-boot-h2-database-crud\target\classes started by daftp in C:\Users\daftp\IdeaProjects\TFSD-fin\backend\spring-boot-h2-database-crud)
2024-01-03 12:43:52 [main] DEBUG c.b.s.j.h.SpringBootJpaH2Application - Running with Spring Boot v3.1.0, Spring v6.0.9
2024-01-03 12:43:52 [main] INFO  c.b.s.j.h.SpringBootJpaH2Application - No active profile set, falling back to 1 default profile: "default"
2024-01-03 12:43:52 [main] INFO  o.s.d.r.c.RepositoryConfigurationDelegate - Bootstrapping Spring Data JPA repositories in DEFAULT mode.
2024-01-03 12:43:53 [main] INFO  o.s.d.r.c.RepositoryConfigurationDelegate - Finished Spring Data repository scanning in 67 ms. Found 1 JPA repository interfaces.
2024-01-03 12:43:53 [main] INFO  o.s.b.w.e.tomcat.TomcatWebServer - Tomcat initialized with port(s): 8080 (http)
2024-01-03 12:43:53 [main] INFO  o.a.catalina.core.StandardService - Starting service [Tomcat]
2024-01-03 12:43:53 [main] INFO  o.a.catalina.core.StandardEngine - Starting Servlet engine: [Apache Tomcat/10.1.8]
2024-01-03 12:43:54 [main] INFO  o.a.c.c.C.[Tomcat].[localhost].[/] - Initializing Spring embedded WebApplicationContext
2024-01-03 12:43:54 [main] INFO  o.s.b.w.s.c.ServletWebServerApplicationContext - Root WebApplicationContext: initialization completed in 1904 ms
2024-01-03 12:43:54 [main] INFO  com.zaxxer.hikari.HikariDataSource - HikariPool-1 - Starting...
2024-01-03 12:43:54 [main] INFO  com.zaxxer.hikari.pool.HikariPool - HikariPool-1 - Added connection conn0: url=jdbc:h2:file:./testdb user=SA
2024-01-03 12:43:54 [main] INFO  com.zaxxer.hikari.HikariDataSource - HikariPool-1 - Start completed.
2024-01-03 12:43:54 [main] INFO  o.s.b.a.h.H2ConsoleAutoConfiguration - H2 console available at '/h2-ui'. Database available at 'jdbc:h2:file:./testdb'
2024-01-03 12:43:54 [main] INFO  o.h.jpa.internal.util.LogHelper - HHH000204: Processing PersistenceUnitInfo [name: default]
2024-01-03 12:43:54 [main] INFO  org.hibernate.Version - HHH000412: Hibernate ORM core version 6.2.2.Final
2024-01-03 12:43:54 [main] INFO  org.hibernate.cfg.Environment - HHH000406: Using bytecode reflection optimizer
2024-01-03 12:43:55 [main] INFO  o.h.b.i.BytecodeProviderInitiator - HHH000021: Bytecode provider name : bytebuddy
2024-01-03 12:43:55 [main] INFO  o.s.o.j.p.SpringPersistenceUnitInfo - No LoadTimeWeaver setup: ignoring JPA class transformer
2024-01-03 12:43:55 [main] INFO  org.hibernate.orm.dialect - HHH035001: Using dialect: org.hibernate.dialect.H2Dialect, version: 2.1.214
2024-01-03 12:43:55 [main] INFO  o.h.b.i.BytecodeProviderInitiator - HHH000021: Bytecode provider name : bytebuddy
2024-01-03 12:43:56 [main] INFO  o.h.e.t.j.p.i.JtaPlatformInitiator - HHH000490: Using JtaPlatform implementation: [org.hibernate.engine.transaction.jta.platform.internal.NoJtaPlatform]
2024-01-03 12:43:56 [main] INFO  o.s.o.j.LocalContainerEntityManagerFactoryBean - Initialized JPA EntityManagerFactory for persistence unit 'default'
2024-01-03 12:43:56 [main] WARN  o.s.b.a.o.j.JpaBaseConfiguration$JpaWebConfiguration - spring.jpa.open-in-view is enabled by default. Therefore, database queries may be performed during view rendering. Explicitly configure spring.jpa.open-in-view to disable this warning
2024-01-03 12:43:57 [main] INFO  o.s.b.w.e.tomcat.TomcatWebServer - Tomcat started on port(s): 8080 (http) with context path ''
2024-01-03 12:43:57 [main] INFO  c.b.s.j.h.SpringBootJpaH2Application - Started SpringBootJpaH2Application in 5.647 seconds (process running for 6.499)
2024-01-03 14:17:09 [main] INFO  c.b.s.j.h.c.TutorialControllerIntegrationTest - Starting TutorialControllerIntegrationTest using Java 17.0.6 with PID 115304 (started by daftp in C:\Users\daftp\IdeaProjects\TFSD-fin\backend\spring-boot-h2-database-crud)
2024-01-03 14:17:09 [main] DEBUG c.b.s.j.h.c.TutorialControllerIntegrationTest - Running with Spring Boot v3.1.0, Spring v6.0.9
2024-01-03 14:17:09 [main] INFO  c.b.s.j.h.c.TutorialControllerIntegrationTest - No active profile set, falling back to 1 default profile: "default"
2024-01-03 14:17:11 [main] INFO  o.s.d.r.c.RepositoryConfigurationDelegate - Bootstrapping Spring Data JPA repositories in DEFAULT mode.
2024-01-03 14:17:11 [main] INFO  o.s.d.r.c.RepositoryConfigurationDelegate - Finished Spring Data repository scanning in 140 ms. Found 1 JPA repository interfaces.
2024-01-03 14:17:13 [main] INFO  o.s.b.w.e.tomcat.TomcatWebServer - Tomcat initialized with port(s): 0 (http)
2024-01-03 14:17:13 [main] INFO  o.a.catalina.core.StandardService - Starting service [Tomcat]
2024-01-03 14:17:13 [main] INFO  o.a.catalina.core.StandardEngine - Starting Servlet engine: [Apache Tomcat/10.1.8]
2024-01-03 14:17:14 [main] INFO  o.a.c.c.C.[Tomcat].[localhost].[/] - Initializing Spring embedded WebApplicationContext
2024-01-03 14:17:14 [main] INFO  o.s.b.w.s.c.ServletWebServerApplicationContext - Root WebApplicationContext: initialization completed in 4647 ms
2024-01-03 14:17:14 [main] INFO  com.zaxxer.hikari.HikariDataSource - HikariPool-1 - Starting...
2024-01-03 14:17:15 [main] INFO  com.zaxxer.hikari.pool.HikariPool - HikariPool-1 - Added connection conn0: url=jdbc:h2:file:./testdb user=SA
2024-01-03 14:17:15 [main] INFO  com.zaxxer.hikari.HikariDataSource - HikariPool-1 - Start completed.
2024-01-03 14:17:15 [main] INFO  o.s.b.a.h.H2ConsoleAutoConfiguration - H2 console available at '/h2-ui'. Database available at 'jdbc:h2:file:./testdb'
2024-01-03 14:17:15 [main] INFO  o.h.jpa.internal.util.LogHelper - HHH000204: Processing PersistenceUnitInfo [name: default]
2024-01-03 14:17:16 [main] INFO  org.hibernate.Version - HHH000412: Hibernate ORM core version 6.2.2.Final
2024-01-03 14:17:16 [main] INFO  org.hibernate.cfg.Environment - HHH000406: Using bytecode reflection optimizer
2024-01-03 14:17:16 [main] INFO  o.h.b.i.BytecodeProviderInitiator - HHH000021: Bytecode provider name : bytebuddy
2024-01-03 14:17:17 [main] INFO  o.s.o.j.p.SpringPersistenceUnitInfo - No LoadTimeWeaver setup: ignoring JPA class transformer
2024-01-03 14:17:17 [main] INFO  org.hibernate.orm.dialect - HHH035001: Using dialect: org.hibernate.dialect.H2Dialect, version: 2.1.214
2024-01-03 14:17:18 [main] INFO  o.h.b.i.BytecodeProviderInitiator - HHH000021: Bytecode provider name : bytebuddy
2024-01-03 14:17:19 [main] INFO  o.h.e.t.j.p.i.JtaPlatformInitiator - HHH000490: Using JtaPlatform implementation: [org.hibernate.engine.transaction.jta.platform.internal.NoJtaPlatform]
2024-01-03 14:17:19 [main] INFO  o.s.o.j.LocalContainerEntityManagerFactoryBean - Initialized JPA EntityManagerFactory for persistence unit 'default'
2024-01-03 14:17:21 [main] WARN  o.s.b.a.o.j.JpaBaseConfiguration$JpaWebConfiguration - spring.jpa.open-in-view is enabled by default. Therefore, database queries may be performed during view rendering. Explicitly configure spring.jpa.open-in-view to disable this warning
2024-01-03 14:17:22 [main] INFO  o.s.b.w.e.tomcat.TomcatWebServer - Tomcat started on port(s): 57950 (http) with context path ''
2024-01-03 14:17:22 [main] INFO  c.b.s.j.h.c.TutorialControllerIntegrationTest - Started TutorialControllerIntegrationTest in 14.189 seconds (process running for 16.8)
2024-01-03 14:17:24 [http-nio-auto-1-exec-1] INFO  o.a.c.c.C.[Tomcat].[localhost].[/] - Initializing Spring DispatcherServlet 'dispatcherServlet'
2024-01-03 14:17:24 [http-nio-auto-1-exec-1] INFO  o.s.web.servlet.DispatcherServlet - Initializing Servlet 'dispatcherServlet'
2024-01-03 14:17:24 [http-nio-auto-1-exec-1] INFO  o.s.web.servlet.DispatcherServlet - Completed initialization in 1 ms
2024-01-03 14:17:24 [http-nio-auto-1-exec-1] DEBUG c.b.s.j.h.c.TutorialController - Entering getTutorialById method with ID: 13252
2024-01-03 14:17:24 [http-nio-auto-1-exec-1] INFO  c.b.s.j.h.c.TutorialController - Found tutorial with ID: 13252
2024-01-03 14:17:24 [http-nio-auto-1-exec-1] DEBUG c.b.s.j.h.c.TutorialController - Exiting getTutorialById method
2024-01-03 14:17:25 [http-nio-auto-1-exec-2] DEBUG c.b.s.j.h.c.TutorialController - Entering updateTutorial method with ID: 13252 and data: Tutorial [id=13252, title=Updated Title, desc=Updated Description, published=false]
2024-01-03 14:17:25 [http-nio-auto-1-exec-2] INFO  c.b.s.j.h.c.TutorialController - Before update: Tutorial [id=13252, title=Test, desc=Test Description, published=false]
2024-01-03 14:17:25 [http-nio-auto-1-exec-2] INFO  c.b.s.j.h.c.TutorialController - Updated tutorial. Before: Tutorial [id=13252, title=Updated Title, desc=Updated Description, published=false], After: Tutorial [id=13252, title=Updated Title, desc=Updated Description, published=false]
2024-01-03 14:17:25 [http-nio-auto-1-exec-2] DEBUG c.b.s.j.h.c.TutorialController - Exiting updateTutorial method
2024-01-03 14:17:25 [http-nio-auto-1-exec-3] DEBUG c.b.s.j.h.c.TutorialController - Entering getTutorialById method with ID: 13252
2024-01-03 14:17:25 [http-nio-auto-1-exec-3] INFO  c.b.s.j.h.c.TutorialController - Found tutorial with ID: 13252
2024-01-03 14:17:25 [http-nio-auto-1-exec-3] DEBUG c.b.s.j.h.c.TutorialController - Exiting getTutorialById method
2024-01-03 14:17:25 [http-nio-auto-1-exec-4] DEBUG c.b.s.j.h.c.TutorialController - Entering createTutorial method
2024-01-03 14:17:25 [http-nio-auto-1-exec-4] DEBUG c.b.s.j.h.c.TutorialController - Tutorial data received: Tutorial [id=0, title=New Tutorial, desc=New Description, published=false]
2024-01-03 14:17:25 [http-nio-auto-1-exec-4] INFO  c.b.s.j.h.c.TutorialController - Created tutorial with ID: 13254
2024-01-03 14:17:25 [http-nio-auto-1-exec-4] DEBUG c.b.s.j.h.c.TutorialController - Exiting createTutorial method
2024-01-03 14:17:25 [http-nio-auto-1-exec-5] DEBUG c.b.s.j.h.c.TutorialController - Entering getAllTutorials method with title filter: null
2024-01-03 14:17:25 [http-nio-auto-1-exec-5] INFO  c.b.s.j.h.c.TutorialController - Found 1 tutorials with title filter: null
2024-01-03 14:17:25 [http-nio-auto-1-exec-5] DEBUG c.b.s.j.h.c.TutorialController - Exiting getAllTutorials method
2024-01-03 14:17:25 [http-nio-auto-1-exec-6] DEBUG c.b.s.j.h.c.TutorialController - Entering deleteTutorial method with ID: 13256
2024-01-03 14:17:25 [http-nio-auto-1-exec-6] INFO  c.b.s.j.h.c.TutorialController - Deleted tutorial with ID: 13256
2024-01-03 14:17:25 [http-nio-auto-1-exec-6] DEBUG c.b.s.j.h.c.TutorialController - Exiting deleteTutorial method
2024-01-03 14:17:25 [http-nio-auto-1-exec-7] DEBUG c.b.s.j.h.c.TutorialController - Entering getTutorialById method with ID: 13256
2024-01-03 14:17:25 [http-nio-auto-1-exec-7] WARN  c.b.s.j.h.c.TutorialController - No tutorial found with ID: 13256
2024-01-03 14:17:25 [http-nio-auto-1-exec-7] DEBUG c.b.s.j.h.c.TutorialController - Exiting getTutorialById method
2024-01-03 14:17:25 [http-nio-auto-1-exec-8] DEBUG c.b.s.j.h.c.TutorialController - Entering getTutorialById method with ID: 13257
2024-01-03 14:17:25 [http-nio-auto-1-exec-8] INFO  c.b.s.j.h.c.TutorialController - Found tutorial with ID: 13257
2024-01-03 14:17:25 [http-nio-auto-1-exec-8] DEBUG c.b.s.j.h.c.TutorialController - Exiting getTutorialById method
2024-01-03 14:17:26 [main] DEBUG c.b.s.j.h.c.TutorialController - Entering createTutorial method
2024-01-03 14:17:26 [main] DEBUG c.b.s.j.h.c.TutorialController - Tutorial data received: Tutorial [id=0, title=Spring, desc=Spring Description, published=false]
2024-01-03 14:17:26 [main] INFO  c.b.s.j.h.c.TutorialController - Created tutorial with ID: 0
2024-01-03 14:17:26 [main] DEBUG c.b.s.j.h.c.TutorialController - Exiting createTutorial method
2024-01-03 14:17:26 [main] DEBUG c.b.s.j.h.c.TutorialController - Entering getTutorialById method with ID: 1
2024-01-03 14:17:26 [main] WARN  c.b.s.j.h.c.TutorialController - No tutorial found with ID: 1
2024-01-03 14:17:26 [main] DEBUG c.b.s.j.h.c.TutorialController - Exiting getTutorialById method
2024-01-03 14:17:26 [main] DEBUG c.b.s.j.h.c.TutorialController - Entering getAllTutorials method with title filter: null
2024-01-03 14:17:26 [main] INFO  c.b.s.j.h.c.TutorialController - No tutorials found with title filter: null
2024-01-03 14:17:26 [main] DEBUG c.b.s.j.h.c.TutorialController - Exiting getAllTutorials method
2024-01-03 14:17:26 [main] DEBUG c.b.s.j.h.c.TutorialController - Entering updateTutorial method with ID: 1 and data: Tutorial [id=0, title=Updated Title, desc=Updated Description, published=true]
2024-01-03 14:17:26 [main] WARN  c.b.s.j.h.c.TutorialController - No tutorial found to update with ID: 1
2024-01-03 14:17:26 [main] DEBUG c.b.s.j.h.c.TutorialController - Exiting updateTutorial method
2024-01-03 14:17:26 [main] DEBUG c.b.s.j.h.c.TutorialController - Entering getTutorialById method with ID: 1
2024-01-03 14:17:26 [main] INFO  c.b.s.j.h.c.TutorialController - Found tutorial with ID: 1
2024-01-03 14:17:26 [main] DEBUG c.b.s.j.h.c.TutorialController - Exiting getTutorialById method
2024-01-03 14:17:26 [main] DEBUG c.b.s.j.h.c.TutorialController - Entering deleteTutorial method with ID: 1
2024-01-03 14:17:26 [main] INFO  c.b.s.j.h.c.TutorialController - Deleted tutorial with ID: 1
2024-01-03 14:17:26 [main] DEBUG c.b.s.j.h.c.TutorialController - Exiting deleteTutorial method
2024-01-03 14:17:26 [main] DEBUG c.b.s.j.h.c.TutorialController - Entering findByPublished method
2024-01-03 14:17:26 [main] INFO  c.b.s.j.h.c.TutorialController - Found 1 published tutorials
2024-01-03 14:17:26 [main] DEBUG c.b.s.j.h.c.TutorialController - Exiting findByPublished method
2024-01-03 14:17:26 [main] DEBUG c.b.s.j.h.c.TutorialController - Entering getAllTutorials method with title filter: Java
2024-01-03 14:17:26 [main] INFO  c.b.s.j.h.c.TutorialController - Found 1 tutorials with title filter: Java
2024-01-03 14:17:26 [main] DEBUG c.b.s.j.h.c.TutorialController - Exiting getAllTutorials method
2024-01-03 14:17:26 [main] DEBUG c.b.s.j.h.c.TutorialController - Entering deleteTutorial method with ID: 1
2024-01-03 14:17:26 [main] ERROR c.b.s.j.h.c.TutorialController - Exception in deleteTutorial method for ID '1'. Error: java.lang.RuntimeException: Tutorial not found
2024-01-03 14:17:26 [main] DEBUG c.b.s.j.h.c.TutorialController - Exiting deleteTutorial method
2024-01-03 14:17:26 [main] DEBUG c.b.s.j.h.c.TutorialController - Entering updateTutorial method with ID: 1 and data: Tutorial [id=0, title=Updated Title, desc=Updated Description, published=true]
2024-01-03 14:17:26 [main] INFO  c.b.s.j.h.c.TutorialController - Before update: Tutorial [id=0, title=Java, desc=Java Description, published=true]
2024-01-03 14:17:26 [main] INFO  c.b.s.j.h.c.TutorialController - Updated tutorial. Before: Tutorial [id=0, title=Updated Title, desc=Updated Description, published=true], After: Tutorial [id=0, title=Updated Title, desc=Updated Description, published=true]
2024-01-03 14:17:26 [main] DEBUG c.b.s.j.h.c.TutorialController - Exiting updateTutorial method
2024-01-03 14:17:26 [main] INFO  o.s.t.c.s.AnnotationConfigContextLoaderUtils - Could not detect default configuration classes for test class [com.bezkoder.spring.jpa.h2.SpringBootJpaH2ApplicationTests]: SpringBootJpaH2ApplicationTests does not declare any static, non-private, non-final, nested classes annotated with @Configuration.
2024-01-03 14:17:26 [main] INFO  o.s.b.t.c.SpringBootTestContextBootstrapper - Found @SpringBootConfiguration com.bezkoder.spring.jpa.h2.SpringBootJpaH2Application for test class com.bezkoder.spring.jpa.h2.SpringBootJpaH2ApplicationTests
2024-01-03 14:17:27 [main] INFO  c.b.s.j.h.SpringBootJpaH2ApplicationTests - Starting SpringBootJpaH2ApplicationTests using Java 17.0.6 with PID 115304 (started by daftp in C:\Users\daftp\IdeaProjects\TFSD-fin\backend\spring-boot-h2-database-crud)
2024-01-03 14:17:27 [main] DEBUG c.b.s.j.h.SpringBootJpaH2ApplicationTests - Running with Spring Boot v3.1.0, Spring v6.0.9
2024-01-03 14:17:27 [main] INFO  c.b.s.j.h.SpringBootJpaH2ApplicationTests - No active profile set, falling back to 1 default profile: "default"
2024-01-03 14:17:28 [main] INFO  o.s.d.r.c.RepositoryConfigurationDelegate - Bootstrapping Spring Data JPA repositories in DEFAULT mode.
2024-01-03 14:17:28 [main] INFO  o.s.d.r.c.RepositoryConfigurationDelegate - Finished Spring Data repository scanning in 51 ms. Found 1 JPA repository interfaces.
2024-01-03 14:17:29 [main] INFO  o.h.jpa.internal.util.LogHelper - HHH000204: Processing PersistenceUnitInfo [name: default]
2024-01-03 14:17:29 [main] INFO  o.h.b.i.BytecodeProviderInitiator - HHH000021: Bytecode provider name : bytebuddy
2024-01-03 14:17:29 [main] INFO  o.s.o.j.p.SpringPersistenceUnitInfo - No LoadTimeWeaver setup: ignoring JPA class transformer
2024-01-03 14:17:29 [main] INFO  com.zaxxer.hikari.HikariDataSource - HikariPool-2 - Starting...
2024-01-03 14:17:29 [main] INFO  com.zaxxer.hikari.pool.HikariPool - HikariPool-2 - Added connection conn10: url=jdbc:h2:file:./testdb user=SA
2024-01-03 14:17:29 [main] INFO  com.zaxxer.hikari.HikariDataSource - HikariPool-2 - Start completed.
2024-01-03 14:17:29 [main] INFO  org.hibernate.orm.dialect - HHH035001: Using dialect: org.hibernate.dialect.H2Dialect, version: 2.1.214
2024-01-03 14:17:29 [main] INFO  o.h.b.i.BytecodeProviderInitiator - HHH000021: Bytecode provider name : bytebuddy
2024-01-03 14:17:29 [main] INFO  o.h.e.t.j.p.i.JtaPlatformInitiator - HHH000490: Using JtaPlatform implementation: [org.hibernate.engine.transaction.jta.platform.internal.NoJtaPlatform]
2024-01-03 14:17:29 [main] INFO  o.s.o.j.LocalContainerEntityManagerFactoryBean - Initialized JPA EntityManagerFactory for persistence unit 'default'
2024-01-03 14:17:30 [main] WARN  o.s.b.a.o.j.JpaBaseConfiguration$JpaWebConfiguration - spring.jpa.open-in-view is enabled by default. Therefore, database queries may be performed during view rendering. Explicitly configure spring.jpa.open-in-view to disable this warning
2024-01-03 14:17:31 [main] INFO  o.s.b.a.h.H2ConsoleAutoConfiguration - H2 console available at '/h2-ui'. Database available at 'jdbc:h2:file:./testdb'
2024-01-03 14:17:31 [main] INFO  c.b.s.j.h.SpringBootJpaH2ApplicationTests - Started SpringBootJpaH2ApplicationTests in 4.74 seconds (process running for 25.99)
2024-01-03 14:17:32 [SpringApplicationShutdownHook] INFO  o.s.o.j.LocalContainerEntityManagerFactoryBean - Closing JPA EntityManagerFactory for persistence unit 'default'
2024-01-03 14:17:32 [SpringApplicationShutdownHook] INFO  com.zaxxer.hikari.HikariDataSource - HikariPool-1 - Shutdown initiated...
2024-01-03 14:17:32 [SpringApplicationShutdownHook] INFO  com.zaxxer.hikari.HikariDataSource - HikariPool-1 - Shutdown completed.
2024-01-03 14:17:32 [SpringApplicationShutdownHook] INFO  o.s.o.j.LocalContainerEntityManagerFactoryBean - Closing JPA EntityManagerFactory for persistence unit 'default'
2024-01-03 14:17:32 [SpringApplicationShutdownHook] INFO  com.zaxxer.hikari.HikariDataSource - HikariPool-2 - Shutdown initiated...
2024-01-03 14:17:32 [SpringApplicationShutdownHook] INFO  com.zaxxer.hikari.HikariDataSource - HikariPool-2 - Shutdown completed.
2024-01-03 14:17:43 [main] INFO  c.b.s.j.h.SpringBootJpaH2Application - Starting SpringBootJpaH2Application using Java 17.0.6 with PID 128028 (C:\Users\daftp\IdeaProjects\TFSD-fin\backend\spring-boot-h2-database-crud\target\classes started by daftp in C:\Users\daftp\IdeaProjects\TFSD-fin\backend\spring-boot-h2-database-crud)
2024-01-03 14:17:43 [main] DEBUG c.b.s.j.h.SpringBootJpaH2Application - Running with Spring Boot v3.1.0, Spring v6.0.9
2024-01-03 14:17:43 [main] INFO  c.b.s.j.h.SpringBootJpaH2Application - No active profile set, falling back to 1 default profile: "default"
2024-01-03 14:17:44 [main] INFO  o.s.d.r.c.RepositoryConfigurationDelegate - Bootstrapping Spring Data JPA repositories in DEFAULT mode.
2024-01-03 14:17:44 [main] INFO  o.s.d.r.c.RepositoryConfigurationDelegate - Finished Spring Data repository scanning in 75 ms. Found 1 JPA repository interfaces.
2024-01-03 14:17:45 [main] INFO  o.s.b.w.e.tomcat.TomcatWebServer - Tomcat initialized with port(s): 8080 (http)
2024-01-03 14:17:45 [main] INFO  o.a.catalina.core.StandardService - Starting service [Tomcat]
2024-01-03 14:17:45 [main] INFO  o.a.catalina.core.StandardEngine - Starting Servlet engine: [Apache Tomcat/10.1.8]
2024-01-03 14:17:45 [main] INFO  o.a.c.c.C.[Tomcat].[localhost].[/] - Initializing Spring embedded WebApplicationContext
2024-01-03 14:17:45 [main] INFO  o.s.b.w.s.c.ServletWebServerApplicationContext - Root WebApplicationContext: initialization completed in 2054 ms
2024-01-03 14:17:45 [main] INFO  com.zaxxer.hikari.HikariDataSource - HikariPool-1 - Starting...
2024-01-03 14:17:45 [main] INFO  com.zaxxer.hikari.pool.HikariPool - HikariPool-1 - Added connection conn0: url=jdbc:h2:file:./testdb user=SA
2024-01-03 14:17:45 [main] INFO  com.zaxxer.hikari.HikariDataSource - HikariPool-1 - Start completed.
2024-01-03 14:17:45 [main] INFO  o.s.b.a.h.H2ConsoleAutoConfiguration - H2 console available at '/h2-ui'. Database available at 'jdbc:h2:file:./testdb'
2024-01-03 14:17:46 [main] INFO  o.h.jpa.internal.util.LogHelper - HHH000204: Processing PersistenceUnitInfo [name: default]
2024-01-03 14:17:46 [main] INFO  org.hibernate.Version - HHH000412: Hibernate ORM core version 6.2.2.Final
2024-01-03 14:17:46 [main] INFO  org.hibernate.cfg.Environment - HHH000406: Using bytecode reflection optimizer
2024-01-03 14:17:46 [main] INFO  o.h.b.i.BytecodeProviderInitiator - HHH000021: Bytecode provider name : bytebuddy
2024-01-03 14:17:46 [main] INFO  o.s.o.j.p.SpringPersistenceUnitInfo - No LoadTimeWeaver setup: ignoring JPA class transformer
2024-01-03 14:17:46 [main] INFO  org.hibernate.orm.dialect - HHH035001: Using dialect: org.hibernate.dialect.H2Dialect, version: 2.1.214
2024-01-03 14:17:46 [main] INFO  o.h.b.i.BytecodeProviderInitiator - HHH000021: Bytecode provider name : bytebuddy
2024-01-03 14:17:47 [main] INFO  o.h.e.t.j.p.i.JtaPlatformInitiator - HHH000490: Using JtaPlatform implementation: [org.hibernate.engine.transaction.jta.platform.internal.NoJtaPlatform]
2024-01-03 14:17:47 [main] INFO  o.s.o.j.LocalContainerEntityManagerFactoryBean - Initialized JPA EntityManagerFactory for persistence unit 'default'
2024-01-03 14:17:48 [main] WARN  o.s.b.a.o.j.JpaBaseConfiguration$JpaWebConfiguration - spring.jpa.open-in-view is enabled by default. Therefore, database queries may be performed during view rendering. Explicitly configure spring.jpa.open-in-view to disable this warning
2024-01-03 14:17:48 [main] INFO  o.s.b.w.e.tomcat.TomcatWebServer - Tomcat started on port(s): 8080 (http) with context path ''
2024-01-03 14:17:48 [main] INFO  c.b.s.j.h.SpringBootJpaH2Application - Started SpringBootJpaH2Application in 5.812 seconds (process running for 6.689)
